---
Time: 2025-10-02T08:38:15.842257 UTC
To: pawasthi063@gmail.com
Subject: Your HealthConnect OTP

Your OTP is 360333. It expires at 2025-10-02T08:48:15.750041 UTC.
---
Time: 2025-10-02T08:39:24.265600 UTC
To: pawasthi063@gmail.com
Subject: Your HealthConnect OTP

Your OTP is 355486. It expires at 2025-10-02T08:49:24.177718 UTC.
---
Time: 2025-10-02T08:40:26.255551 UTC
To: pawasthi063@gmail.com
Subject: Your HealthConnect OTP

Your OTP is 294755. It expires at 2025-10-02T08:50:25.401954 UTC.
---
Time: 2025-10-02T08:40:26.905442 UTC
To: pawasthi063@gmail.com
Subject: Your HealthConnect OTP

Your OTP is 451845. It expires at 2025-10-02T08:50:26.261139 UTC.
---
Time: 2025-10-02T08:40:28.925202 UTC
To: pawasthi063@gmail.com
Subject: Your HealthConnect OTP

Your OTP is 121080. It expires at 2025-10-02T08:50:27.931345 UTC.
---
Time: 2025-10-02T08:45:44.857336 UTC
To: pradeepka.ic.24@nitj.ac.in
Subject: Your HealthConnect OTP

Your OTP is 702641. It expires at 2025-10-02T08:55:44.804375 UTC.
---
Time: 2025-10-02T10:21:08.818343 UTC
To: pawasthi063@gmail.com
Subject: Your HealthConnect OTP

Your OTP is 594879. It expires at 2025-10-02T10:31:06.577066 UTC.
---
Time: 2025-10-02T10:28:43.864000 UTC
To: pawasthi063@gmail.com
Subject: Your HealthConnect OTP

Your OTP is 425146. It expires at 2025-10-02T10:38:43.734666 UTC.
---
Time: 2025-10-02T10:36:50.283076 UTC
To: mohit.ic.24@nitj.ac.in
Subject: Your HealthConnect OTP

Your OTP is 883181. It expires at 2025-10-02T10:46:50.075258 UTC.
---
Time: 2025-10-02T10:39:08.392251 UTC
To: aman.ic.24@nitj.ac.in
Subject: Your HealthConnect OTP

Your OTP is 215453. It expires at 2025-10-02T10:49:02.277635 UTC.
---
Time: 2025-10-02T10:48:47.694038 UTC
To: mohan@gmail.com
Subject: Your HealthConnect OTP

Your OTP is 715633. It expires at 2025-10-02T10:58:47.571954 UTC.
---
Time: 2025-10-02T11:02:23.080156 UTC
To: paarthl.ic.24@nitj
Subject: Your HealthConnect OTP

Your OTP is 571721. It expires at 2025-10-02T11:12:22.886320 UTC.
---
Time: 2025-10-02T11:02:56.624063 UTC
To: meenakshi@nitj
Subject: Your HealthConnect OTP

Your OTP is 799195. It expires at 2025-10-02T11:12:56.546534 UTC.
---
Time: 2025-10-02T11:05:06.696491 UTC
To: tanishqa@nitj.ac.in
Subject: Your HealthConnect OTP

Your OTP is 726321. It expires at 2025-10-02T11:15:06.557083 UTC.
---
Time: 2025-10-02T11:13:24.570308 UTC
To: tanishqa@nitj.ac.in
Subject: Your HealthConnect OTP

Your OTP is 362395. It expires at 2025-10-02T11:23:24.438618 UTC.
---
Time: 2025-10-02T16:28:29.199041 UTC
To: pawasthi063@gmail.com
Subject: Your HealthConnect OTP

Your OTP is 793835. It expires at 2025-10-02T16:38:28.807367 UTC.
---
Time: 2025-10-02T16:42:02.447521 UTC
To: pradeeOPdstlwtwjkfwkfwkhfWER@gmail.com
Subject: Your HealthConnect OTP

Your OTP is 429499. It expires at 2025-10-02T16:52:02.337682 UTC.
---
Time: 2025-10-02T16:42:20.724683 UTC
To: pradeeOPdstlwtwjkfwkfwkhfWER@gmail.com
Subject: Your HealthConnect OTP

Your OTP is 628133. It expires at 2025-10-02T16:52:20.604302 UTC.
---
Time: 2025-10-02T16:42:24.867115 UTC
To: pradeeOPdstlwtwjkfwkfwkhfWER@gmail.com
Subject: Your HealthConnect OTP

Your OTP is 503562. It expires at 2025-10-02T16:52:24.791725 UTC.
---
Time: 2025-10-02T16:42:25.390254 UTC
To: pradeeOPdstlwtwjkfwkfwkhfWER@gmail.com
Subject: Your HealthConnect OTP

Your OTP is 643130. It expires at 2025-10-02T16:52:25.264715 UTC.
---
Time: 2025-10-02T16:42:25.536671 UTC
To: pradeeOPdstlwtwjkfwkfwkhfWER@gmail.com
Subject: Your HealthConnect OTP

Your OTP is 796099. It expires at 2025-10-02T16:52:25.450764 UTC.
---
Time: 2025-10-02T16:42:25.692542 UTC
To: pradeeOPdstlwtwjkfwkfwkhfWER@gmail.com
Subject: Your HealthConnect OTP

Your OTP is 412310. It expires at 2025-10-02T16:52:25.600686 UTC.
---
Time: 2025-10-02T16:42:25.984150 UTC
To: pradeeOPdstlwtwjkfwkfwkhfWER@gmail.com
Subject: Your HealthConnect OTP

Your OTP is 968351. It expires at 2025-10-02T16:52:25.908833 UTC.
---
Time: 2025-10-02T16:42:26.402670 UTC
To: pradeeOPdstlwtwjkfwkfwkhfWER@gmail.com
Subject: Your HealthConnect OTP

Your OTP is 699680. It expires at 2025-10-02T16:52:26.285270 UTC.
---
Time: 2025-10-02T16:42:26.562127 UTC
To: pradeeOPdstlwtwjkfwkfwkhfWER@gmail.com
Subject: Your HealthConnect OTP

Your OTP is 523772. It expires at 2025-10-02T16:52:26.438235 UTC.
---
Time: 2025-10-02T16:42:26.740723 UTC
To: pradeeOPdstlwtwjkfwkfwkhfWER@gmail.com
Subject: Your HealthConnect OTP

Your OTP is 646742. It expires at 2025-10-02T16:52:26.587055 UTC.
---
Time: 2025-10-02T16:42:26.899847 UTC
To: pradeeOPdstlwtwjkfwkfwkhfWER@gmail.com
Subject: Your HealthConnect OTP

Your OTP is 968910. It expires at 2025-10-02T16:52:26.746417 UTC.
---
Time: 2025-10-02T16:43:17.681270 UTC
To: pawasthi063@gmail.com
Subject: Your HealthConnect OTP

Your OTP is 901417. It expires at 2025-10-02T16:53:17.618905 UTC.
---
Time: 2025-10-02T17:02:43.936878 UTC
To: pawasthi063@gmail.com
Subject: Your HealthConnect OTP

Your OTP is 685652. It expires at 2025-10-02T17:12:43.843398 UTC.
---
Time: 2025-10-02T17:08:44.449255 UTC
To: pawasthi063@gmail.com
Subject: Your HealthConnect OTP

Your OTP is 872695. It expires at 2025-10-02T17:18:44.012541 UTC.
